\BOOKMARK [1][-]{section.1}{\376\377\000W\000s\000t\001\031\000p}{}% 1
\BOOKMARK [1][-]{section.2}{\376\377\000C\000z\001\031\001\133\001\007\000\040\000a\000n\000a\000l\000i\000t\000y\000c\000z\000n\000a}{}% 2
\BOOKMARK [2][-]{subsection.2.1}{\376\377\000P\000r\000z\000e\000g\000l\001\005\000d\000\040\000l\000i\000t\000e\000r\000a\000t\000u\000r\000y}{section.2}% 3
\BOOKMARK [2][-]{subsection.2.2}{\376\377\000J\000a\000k\000\040\000s\000i\001\031\000\040\000r\000o\000b\000i\000\040\000c\000o\001\133\000t\000a\000m}{section.2}% 4
\BOOKMARK [2][-]{subsection.2.3}{\376\377\000J\000a\000k\000\040\000s\000i\001\031\000\040\000r\000o\000b\000i\000\040\000c\000o\001\133\000t\000a\000m\000\040\000j\000e\000s\000z\000c\000z\000e\000\040\000i\000n\000n\000e\000g\000o}{section.2}% 5
\BOOKMARK [1][-]{section.3}{\376\377\000C\000z\001\031\001\133\001\007\000\040\000s\000y\000n\000t\000e\000t\000y\000c\000z\000n\000a}{}% 6
\BOOKMARK [2][-]{subsection.3.1}{\376\377\000D\000l\000a\000c\000z\000e\000g\000o\000\040\000w\000y\000b\000r\000a\001\102\000e\000m\000/\000a\000m\000\040\000t\001\005\000\040\000m\000e\000t\000o\000d\001\031}{section.3}% 7
\BOOKMARK [2][-]{subsection.3.2}{\376\377\000D\000l\000a\000c\000z\000e\000g\000o\000\040\000w\000y\000b\000r\000a\001\102\000e\000m\000/\000a\000m\000\040\000t\000a\000m\000t\001\005\000\040\000m\000e\000t\000o\000d\001\031}{section.3}% 8
\BOOKMARK [1][-]{section.4}{\376\377\000C\000z\001\031\001\133\001\007\000\040\000w\000e\000r\000y\000f\000i\000k\000a\000c\000y\000j\000n\000a}{}% 9
\BOOKMARK [2][-]{subsection.4.1}{\376\377\000B\000a\000d\000a\000n\000i\000e\000\040\000j\000e\000d\000n\000e\000j\000\040\000r\000z\000e\000c\000z\000y}{section.4}% 10
\BOOKMARK [2][-]{subsection.4.2}{\376\377\000B\000a\000d\000a\000n\000i\000e\000\040\000t\000e\000j\000\040\000s\000a\000m\000e\000j\000\040\000r\000z\000e\000c\000z\000y\000,\000\040\000a\000l\000e\000\040\000i\000n\000a\000c\000z\000e\000j}{section.4}% 11
\BOOKMARK [2][-]{subsection.4.3}{\376\377\000B\000a\000d\000a\000n\000i\000e\000\040\000t\000e\000g\000o\000,\000\040\000a\000l\000e\000\040\000j\000e\000s\000z\000c\000z\000e\000\040\000i\000n\000a\000c\000z\000e\000j}{section.4}% 12
\BOOKMARK [1][-]{section.5}{\376\377\000Z\000a\000k\000o\001\104\000c\000z\000e\000n\000i\000e}{}% 13
\BOOKMARK [1][-]{section.6}{\376\377\000P\000r\000z\000y\000k\001\102\000a\000d\000y}{}% 14
\BOOKMARK [2][-]{subsection.6.1}{\376\377\000L\000i\000s\000t\000o\000w\000a\000n\000i\000e}{section.6}% 15
\BOOKMARK [2][-]{subsection.6.2}{\376\377\000C\000y\000t\000o\000w\000a\000n\000i\000a\000\040\000i\000\040\000p\000r\000z\000y\000p\000i\000s\000y}{section.6}% 16
\BOOKMARK [2][-]{subsection.6.3}{\376\377\000W\000z\000o\000r\000y}{section.6}% 17
\BOOKMARK [2][-]{subsection.6.4}{\376\377\000O\000b\000r\000a\000z\000k\000i}{section.6}% 18
\BOOKMARK [2][-]{subsection.6.5}{\376\377\000T\000a\000b\000e\000l\000e}{section.6}% 19
\BOOKMARK [2][-]{subsection.6.6}{\376\377\000K\000o\000d\000\040\001\172\000r\000\363\000d\001\102\000o\000w\000y\000\040\000p\000r\000o\000g\000r\000a\000m\000u}{section.6}% 20
\BOOKMARK [1][-]{lstnumber.-1.22}{\376\377\000L\000i\000t\000e\000r\000a\000t\000u\000r\000a}{}% 21
